<?xml version="1.0" encoding="UTF-8"?>
<!-- Generated by org.testng.reporters.JUnitReportReporter -->
<testsuite hostname="LAPTOP-T9271K1D" name="com.simpleTransfer.qa.TesrCase.LoginPageTest" tests="5" failures="0" timestamp="20 May 2020 06:44:58 GMT" time="66.907" errors="0">
  <testcase name="getAttributeTestss" time="0.345" classname="com.simpleTransfer.qa.TesrCase.LoginPageTest"/>
  <testcase name="clickCorrespondant" time="3.101" classname="com.simpleTransfer.qa.TesrCase.LoginPageTest"/>
  <testcase name="getValuefromDropDwonTest" time="3.173" classname="com.simpleTransfer.qa.TesrCase.LoginPageTest"/>
  <testcase name="getLoginTest" time="57.580" classname="com.simpleTransfer.qa.TesrCase.LoginPageTest"/>
  <testcase name="clickBankMapTest" time="2.708" classname="com.simpleTransfer.qa.TesrCase.LoginPageTest"/>
</testsuite> <!-- com.simpleTransfer.qa.TesrCase.LoginPageTest -->
